[2022-03-29 06:34:11,192] {taskinstance.py:1037} INFO - Dependencies all met for <TaskInstance: tutorial.sleep scheduled__2022-03-28T06:33:51.443664+00:00 [queued]>
[2022-03-29 06:34:11,204] {taskinstance.py:1037} INFO - Dependencies all met for <TaskInstance: tutorial.sleep scheduled__2022-03-28T06:33:51.443664+00:00 [queued]>
[2022-03-29 06:34:11,206] {taskinstance.py:1243} INFO - 
--------------------------------------------------------------------------------
[2022-03-29 06:34:11,206] {taskinstance.py:1244} INFO - Starting attempt 1 of 4
[2022-03-29 06:34:11,207] {taskinstance.py:1245} INFO - 
--------------------------------------------------------------------------------
[2022-03-29 06:34:11,219] {taskinstance.py:1264} INFO - Executing <Task(BashOperator): sleep> on 2022-03-28 06:33:51.443664+00:00
[2022-03-29 06:34:11,224] {standard_task_runner.py:52} INFO - Started process 30 to run task
[2022-03-29 06:34:11,228] {standard_task_runner.py:76} INFO - Running: ['airflow', 'tasks', 'run', 'tutorial', 'sleep', 'scheduled__2022-03-28T06:33:51.443664+00:00', '--job-id', '6', '--raw', '--subdir', 'DAGS_FOLDER/hello.py', '--cfg-path', '/tmp/tmp1c6ejy_o', '--error-file', '/tmp/tmpujkush29']
[2022-03-29 06:34:11,230] {standard_task_runner.py:77} INFO - Job 6: Subtask sleep
[2022-03-29 06:34:11,297] {logging_mixin.py:109} INFO - Running <TaskInstance: tutorial.sleep scheduled__2022-03-28T06:33:51.443664+00:00 [running]> on host tutorialsleep.b8473360a5fa4a448dd5eb3ceaae70ea
[2022-03-29 06:34:11,384] {taskinstance.py:1431} INFO - Exporting the following env vars:
AIRFLOW_CTX_DAG_EMAIL=airflow@example.com
AIRFLOW_CTX_DAG_OWNER=airflow
AIRFLOW_CTX_DAG_ID=tutorial
AIRFLOW_CTX_TASK_ID=sleep
AIRFLOW_CTX_EXECUTION_DATE=2022-03-28T06:33:51.443664+00:00
AIRFLOW_CTX_DAG_RUN_ID=scheduled__2022-03-28T06:33:51.443664+00:00
[2022-03-29 06:34:11,385] {subprocess.py:62} INFO - Tmp dir root location: 
 /tmp
[2022-03-29 06:34:11,387] {subprocess.py:74} INFO - Running command: ['bash', '-c', 'sleep 5']
[2022-03-29 06:34:11,398] {subprocess.py:85} INFO - Output:
[2022-03-29 06:34:16,402] {subprocess.py:93} INFO - Command exited with return code 0
[2022-03-29 06:34:16,508] {taskinstance.py:1282} INFO - Marking task as SUCCESS. dag_id=tutorial, task_id=sleep, execution_date=20220328T063351, start_date=20220329T063411, end_date=20220329T063416
[2022-03-29 06:34:16,734] {local_task_job.py:154} INFO - Task exited with return code 0
[2022-03-29 06:34:16,771] {local_task_job.py:264} INFO - 0 downstream tasks scheduled from follow-on schedule check
