[2022-03-29 06:34:11,567] {taskinstance.py:1037} INFO - Dependencies all met for <TaskInstance: tutorial.templated scheduled__2022-03-28T06:33:51.443664+00:00 [queued]>
[2022-03-29 06:34:11,578] {taskinstance.py:1037} INFO - Dependencies all met for <TaskInstance: tutorial.templated scheduled__2022-03-28T06:33:51.443664+00:00 [queued]>
[2022-03-29 06:34:11,579] {taskinstance.py:1243} INFO - 
--------------------------------------------------------------------------------
[2022-03-29 06:34:11,580] {taskinstance.py:1244} INFO - Starting attempt 1 of 2
[2022-03-29 06:34:11,580] {taskinstance.py:1245} INFO - 
--------------------------------------------------------------------------------
[2022-03-29 06:34:11,591] {taskinstance.py:1264} INFO - Executing <Task(BashOperator): templated> on 2022-03-28 06:33:51.443664+00:00
[2022-03-29 06:34:11,597] {standard_task_runner.py:52} INFO - Started process 31 to run task
[2022-03-29 06:34:11,601] {standard_task_runner.py:76} INFO - Running: ['airflow', 'tasks', 'run', 'tutorial', 'templated', 'scheduled__2022-03-28T06:33:51.443664+00:00', '--job-id', '7', '--raw', '--subdir', 'DAGS_FOLDER/hello.py', '--cfg-path', '/tmp/tmp8m3ncelx', '--error-file', '/tmp/tmpergik8kq']
[2022-03-29 06:34:11,602] {standard_task_runner.py:77} INFO - Job 7: Subtask templated
[2022-03-29 06:34:11,668] {logging_mixin.py:109} INFO - Running <TaskInstance: tutorial.templated scheduled__2022-03-28T06:33:51.443664+00:00 [running]> on host tutorialtemplated.a48d58f73bdd4db6b759e1d5ab5abbc4
[2022-03-29 06:34:11,758] {taskinstance.py:1431} INFO - Exporting the following env vars:
AIRFLOW_CTX_DAG_EMAIL=airflow@example.com
AIRFLOW_CTX_DAG_OWNER=airflow
AIRFLOW_CTX_DAG_ID=tutorial
AIRFLOW_CTX_TASK_ID=templated
AIRFLOW_CTX_EXECUTION_DATE=2022-03-28T06:33:51.443664+00:00
AIRFLOW_CTX_DAG_RUN_ID=scheduled__2022-03-28T06:33:51.443664+00:00
[2022-03-29 06:34:11,760] {subprocess.py:62} INFO - Tmp dir root location: 
 /tmp
[2022-03-29 06:34:11,761] {subprocess.py:74} INFO - Running command: ['bash', '-c', '\n\n    echo "2022-03-28"\n    echo "2022-04-04"\n\n    echo "2022-03-28"\n    echo "2022-04-04"\n\n    echo "2022-03-28"\n    echo "2022-04-04"\n\n    echo "2022-03-28"\n    echo "2022-04-04"\n\n    echo "2022-03-28"\n    echo "2022-04-04"\n']
[2022-03-29 06:34:11,771] {subprocess.py:85} INFO - Output:
[2022-03-29 06:34:11,773] {subprocess.py:89} INFO - 2022-03-28
[2022-03-29 06:34:11,773] {subprocess.py:89} INFO - 2022-04-04
[2022-03-29 06:34:11,774] {subprocess.py:89} INFO - 2022-03-28
[2022-03-29 06:34:11,774] {subprocess.py:89} INFO - 2022-04-04
[2022-03-29 06:34:11,775] {subprocess.py:89} INFO - 2022-03-28
[2022-03-29 06:34:11,775] {subprocess.py:89} INFO - 2022-04-04
[2022-03-29 06:34:11,776] {subprocess.py:89} INFO - 2022-03-28
[2022-03-29 06:34:11,776] {subprocess.py:89} INFO - 2022-04-04
[2022-03-29 06:34:11,777] {subprocess.py:89} INFO - 2022-03-28
[2022-03-29 06:34:11,778] {subprocess.py:89} INFO - 2022-04-04
[2022-03-29 06:34:11,778] {subprocess.py:93} INFO - Command exited with return code 0
[2022-03-29 06:34:11,806] {taskinstance.py:1282} INFO - Marking task as SUCCESS. dag_id=tutorial, task_id=templated, execution_date=20220328T063351, start_date=20220329T063411, end_date=20220329T063411
[2022-03-29 06:34:11,856] {local_task_job.py:154} INFO - Task exited with return code 0
[2022-03-29 06:34:11,887] {local_task_job.py:264} INFO - 0 downstream tasks scheduled from follow-on schedule check
