[2022-03-29 06:34:02,269] {taskinstance.py:1037} INFO - Dependencies all met for <TaskInstance: tutorial.print_date scheduled__2022-03-28T06:33:51.443664+00:00 [queued]>
[2022-03-29 06:34:02,279] {taskinstance.py:1037} INFO - Dependencies all met for <TaskInstance: tutorial.print_date scheduled__2022-03-28T06:33:51.443664+00:00 [queued]>
[2022-03-29 06:34:02,280] {taskinstance.py:1243} INFO - 
--------------------------------------------------------------------------------
[2022-03-29 06:34:02,281] {taskinstance.py:1244} INFO - Starting attempt 1 of 2
[2022-03-29 06:34:02,281] {taskinstance.py:1245} INFO - 
--------------------------------------------------------------------------------
[2022-03-29 06:34:02,292] {taskinstance.py:1264} INFO - Executing <Task(BashOperator): print_date> on 2022-03-28 06:33:51.443664+00:00
[2022-03-29 06:34:02,297] {standard_task_runner.py:52} INFO - Started process 30 to run task
[2022-03-29 06:34:02,301] {standard_task_runner.py:76} INFO - Running: ['airflow', 'tasks', 'run', 'tutorial', 'print_date', 'scheduled__2022-03-28T06:33:51.443664+00:00', '--job-id', '5', '--raw', '--subdir', 'DAGS_FOLDER/hello.py', '--cfg-path', '/tmp/tmpfcconnw3', '--error-file', '/tmp/tmpltvl2s_1']
[2022-03-29 06:34:02,302] {standard_task_runner.py:77} INFO - Job 5: Subtask print_date
[2022-03-29 06:34:02,360] {logging_mixin.py:109} INFO - Running <TaskInstance: tutorial.print_date scheduled__2022-03-28T06:33:51.443664+00:00 [running]> on host tutorialprintdate.a716ce9118be4da6b3a4587ed663dcab
[2022-03-29 06:34:02,440] {taskinstance.py:1431} INFO - Exporting the following env vars:
AIRFLOW_CTX_DAG_EMAIL=airflow@example.com
AIRFLOW_CTX_DAG_OWNER=airflow
AIRFLOW_CTX_DAG_ID=tutorial
AIRFLOW_CTX_TASK_ID=print_date
AIRFLOW_CTX_EXECUTION_DATE=2022-03-28T06:33:51.443664+00:00
AIRFLOW_CTX_DAG_RUN_ID=scheduled__2022-03-28T06:33:51.443664+00:00
[2022-03-29 06:34:02,442] {subprocess.py:62} INFO - Tmp dir root location: 
 /tmp
[2022-03-29 06:34:02,443] {subprocess.py:74} INFO - Running command: ['bash', '-c', 'date']
[2022-03-29 06:34:02,453] {subprocess.py:85} INFO - Output:
[2022-03-29 06:34:02,456] {subprocess.py:89} INFO - Tue Mar 29 06:34:02 UTC 2022
[2022-03-29 06:34:02,457] {subprocess.py:93} INFO - Command exited with return code 0
[2022-03-29 06:34:02,484] {taskinstance.py:1282} INFO - Marking task as SUCCESS. dag_id=tutorial, task_id=print_date, execution_date=20220328T063351, start_date=20220329T063402, end_date=20220329T063402
[2022-03-29 06:34:02,514] {local_task_job.py:154} INFO - Task exited with return code 0
[2022-03-29 06:34:02,548] {local_task_job.py:264} INFO - 2 downstream tasks scheduled from follow-on schedule check
